app/build/outputs/mapping/release/seeds.txt
app.vercel.seeker_droid.twa.LauncherActivity
app.vercel.seeker_droid.twa.Application
app.vercel.seeker_droid.twa.DelegationService
app.vercel.seeker_droid.twa.DelegationService: DelegationService()
app.vercel.seeker_droid.twa.Application: Application()
app.vercel.seeker_droid.twa.LauncherActivity: LauncherActivity()
...
androidx.core.content.FileProvider: FileProvider()
androidx.appcompat.widget.AppCompatTextViewAutoSizeHelper$Impl: boolean isHorizontallyScrollable(android.widget.TextView)
androidx.core.app.CoreComponentFactory: CoreComponentFactory()
androidx.core.widget.ImageViewCompat$Api21Impl: android.content.res.ColorStateList getImageTintList(android.widget.ImageView)
androidx.core.view.WindowInsetsCompat$Impl: androidx.core.graphics.Insets getSystemGestureInsets()
androidx.appcompat.widget.ActionBarContextView: int getAnimatedVisibility()
androidx.appcompat.widget.AppCompatTextView: void setLastBaselineToBottomHeight(int)
androidx.core.view.WindowInsetsCompat$Impl20: androidx.core.graphics.Insets getSystemWindowInsets()
androidx.core.widget.TextViewCompat$Api23Impl: int getHyphenationFrequency(android.widget.TextView)
androidx.core.view.WindowInsetsCompat$Impl30: void copyRootViewBounds(android.view.View)
androidx.appcompat.widget.ActionBarOverlayLayout: void setIcon(android.graphics.drawable.Drawable)
androidx.appcompat.widget.AppCompatImageButton: void setImageDrawable(android.graphics.drawable.Drawable)
androidx.appcompat.widget.DropDownListView$Api33Impl: void setSelectedChildViewEnabled(android.widget.AbsListView,boolean)
androidx.appcompat.widget.ActionBarOverlayLayout: void setWindowCallback(android.view.Window$Callback)
androidx.core.view.accessibility.AccessibilityNodeInfoCompat$Api34Impl: java.lang.CharSequence getContainerTitle(android.view.accessibility.AccessibilityNodeInfo)
androidx.appcompat.widget.ActionBarOverlayLayout: void setIcon(int)
androidx.core.view.WindowInsetsCompat$Impl: void setOverriddenInsets(androidx.core.graphics.Insets[])
androidx.core.view.ViewCompat$Api21Impl: float getElevation(android.view.View)
androidx.appcompat.widget.AppCompatAutoCompleteTextView: void setSupportBackgroundTintList(android.content.res.ColorStateList)
androidx.appcompat.widget.Toolbar: void setOnMenuItemClickListener(androidx.appcompat.widget.Toolbar$OnMenuItemClickListener)
androidx.appcompat.widget.AppCompatTextView: int getAutoSizeTextType()
androidx.startup.InitializationProvider: InitializationProvider()
androidx.appcompat.widget.ActionBarOverlayLayout: void setShowingForActionMode(boolean)
androidx.core.app.NotificationManagerCompat$Api26Impl: java.util.List getNotificationChannels(android.app.NotificationManager)
androidx.appcompat.widget.ActionMenuView: android.view.Menu getMenu()
androidx.core.view.DisplayCutoutCompat$Api28Impl: java.util.List getBoundingRects(android.view.DisplayCutout)
androidx.appcompat.widget.LinearLayoutCompat: int getDividerPadding()
androidx.appcompat.widget.Toolbar: int getTitleMarginStart()
androidx.core.widget.ImageViewCompat$Api21Impl: void setImageTintList(android.widget.ImageView,android.content.res.ColorStateList)
com.google.androidbrowserhelper.trusted.FocusActivity: FocusActivity()
androidx.core.view.ViewCompat$Api21Impl$1: android.view.WindowInsets onApplyWindowInsets(android.view.View,android.view.WindowInsets)
androidx.core.graphics.drawable.IconCompat$Api28Impl: android.net.Uri getUri(java.lang.Object)
androidx.core.view.ViewCompat$Api30Impl: void setImportantForContentCapture(android.view.View,int)
androidx.core.content.ContextCompat$Api21Impl: android.graphics.drawable.Drawable getDrawable(android.content.Context,int)
androidx.appcompat.widget.Toolbar: void setTitleTextColor(android.content.res.ColorStateList)
androidx.appcompat.widget.Toolbar: java.lang.CharSequence getLogoDescription()
androidx.appcompat.widget.ActionBarOverlayLayout: int getNestedScrollAxes()
androidx.lifecycle.ReportFragment$LifecycleCallbacks: void onActivityPreStopped(android.app.Activity)
androidx.core.view.WindowInsetsCompat$Impl28: int hashCode()
androidx.appcompat.widget.Toolbar: android.graphics.drawable.Drawable getNavigationIcon()
androidx.appcompat.widget.Toolbar: void setSubtitleTextColor(int)