app/build/outputs/mapping/release/mapping.txt
# compiler: R8
# compiler_version: 8.9.32
# min_api: 21
# common_typos_disable
# {"id":"com.android.tools.r8.mapping","version":"2.2"}
# pg_map_id: 5f5e9db
# pg_map_hash: SHA-256 5f5e9dbc4d1a769ab43402a66dfa0ae05ce41475c483a795fd7da298fb5b39e9
app.vercel.seeker_droid.twa.Application -> app.vercel.seeker_droid.twa.Application:
# {"id":"sourceFile","fileName":"Application.java"}
    1:4:void <init>():20:20 -> <init>
    1:4:void onCreate():26:26 -> onCreate
app.vercel.seeker_droid.twa.DelegationService -> app.vercel.seeker_droid.twa.DelegationService:
# {"id":"sourceFile","fileName":"DelegationService.java"}
    1:4:void <init>():5:5 -> <init>
    1:4:void onCreate():9:9 -> onCreate
app.vercel.seeker_droid.twa.LauncherActivity -> app.vercel.seeker_droid.twa.LauncherActivity:
# {"id":"sourceFile","fileName":"LauncherActivity.java"}
    1:4:void <init>():25:25 -> <init>
    1:5:android.net.Uri getLaunchingUrl():48:48 -> i
    1:3:void onCreate(android.os.Bundle):33:33 -> onCreate
    4:11:void onCreate(android.os.Bundle):38:38 -> onCreate
    12:16:void onCreate(android.os.Bundle):39:39 -> onCreate
    17:20:void onCreate(android.os.Bundle):41:41 -> onCreate
...
androidx.lifecycle.Lifecycle$Event$Companion -> androidx.lifecycle.f$a$a:
# {"id":"sourceFile","fileName":"Lifecycle.kt"}
    1:1:void <init>(kotlin.jvm.internal.DefaultConstructorMarker):0:0 -> <init>
      # {"id":"com.android.tools.r8.residualsignature","signature":"(LS/b;)V"}
    2:2:void <init>():151:151 -> <init>
    6:24:androidx.lifecycle.Lifecycle$Event downFrom(androidx.lifecycle.Lifecycle$State):162:162 -> a
      # {"id":"com.android.tools.r8.residualsignature","signature":"(Landroidx/lifecycle/f$b;)Landroidx/lifecycle/f$a;"}
    25:27:androidx.lifecycle.Lifecycle$Event downFrom(androidx.lifecycle.Lifecycle$State):165:165 -> a
    28:30:androidx.lifecycle.Lifecycle$Event downFrom(androidx.lifecycle.Lifecycle$State):164:164 -> a
    31:33:androidx.lifecycle.Lifecycle$Event downFrom(androidx.lifecycle.Lifecycle$State):163:163 -> a
    6:24:androidx.lifecycle.Lifecycle$Event upFrom(androidx.lifecycle.Lifecycle$State):198:198 -> b
      # {"id":"com.android.tools.r8.residualsignature","signature":"(Landroidx/lifecycle/f$b;)Landroidx/lifecycle/f$a;"}
    25:27:androidx.lifecycle.Lifecycle$Event upFrom(androidx.lifecycle.Lifecycle$State):199:199 -> b
    28:30:androidx.lifecycle.Lifecycle$Event upFrom(androidx.lifecycle.Lifecycle$State):201:201 -> b
    31:33:androidx.lifecycle.Lifecycle$Event upFrom(androidx.lifecycle.Lifecycle$State):200:200 -> b
androidx.lifecycle.Lifecycle$Event$Companion$WhenMappings -> androidx.lifecycle.f$a$a$a:
# {"id":"sourceFile","fileName":"Lifecycle.kt"}
    int[] $EnumSwitchMapping$0 -> a
androidx.lifecycle.Lifecycle$Event$WhenMappings -> androidx.lifecycle.f$a$b:
# {"id":"sourceFile","fileName":"Lifecycle.kt"}
    int[] $EnumSwitchMapping$0 -> a
androidx.lifecycle.Lifecycle$State -> androidx.lifecycle.f$b:
# {"id":"sourceFile","fileName":"Lifecycle.kt"}
    androidx.lifecycle.Lifecycle$State DESTROYED -> a
      # {"id":"com.android.tools.r8.residualsignature","signature":"Landroidx/lifecycle/f$b;"}
    androidx.lifecycle.Lifecycle$State INITIALIZED -> b
      # {"id":"com.android.tools.r8.residualsignature","signature":"Landroidx/lifecycle/f$b;"}
    androidx.lifecycle.Lifecycle$State CREATED -> c
      # {"id":"com.android.tools.r8.residualsignature","signature":"Landroidx/lifecycle/f$b;"}
    androidx.lifecycle.Lifecycle$State STARTED -> d
      # {"id":"com.android.tools.r8.residualsignature","signature":"Landroidx/lifecycle/f$b;"}
    androidx.lifecycle.Lifecycle$State RESUMED -> e
      # {"id":"com.android.tools.r8.residualsignature","signature":"Landroidx/lifecycle/f$b;"}
    androidx.lifecycle.Lifecycle$State[] $VALUES -> f
      # {"id":"com.android.tools.r8.residualsignature","signature":"[Landroidx/lifecycle/f$b;"}
    1:10:void <clinit>():236:236 -> <clinit>
    11:20:void <clinit>():243:243 -> <clinit>
    21:30:void <clinit>():253:253 -> <clinit>
    31:40:void <clinit>():263:263 -> <clinit>
    41:57:void <clinit>():269:269 -> <clinit>
    1:4:void <init>(java.lang.String,int):230:230 -> <init>
    1:1:androidx.lifecycle.Lifecycle$State[] $values():0:0 -> a
      # {"id":"com.android.tools.r8.residualsignature","signature":"()[Landroidx/lifecycle/f$b;"}
androidx.lifecycle.LifecycleCoroutineScope -> androidx.lifecycle.g:
# {"id":"sourceFile","fileName":"Lifecycle.kt"}